2025-07-29 03:12:35 - domain_crawler_v2 - INFO - Loaded 38 positive, 191 negative, and 36 optional furniture keywords.
2025-07-29 03:12:35 - domain_crawler_v2 - INFO - Loaded 74 air conditioning keywords across 6 categories.
2025-07-29 03:12:35 - domain_crawler_v2 - INFO - 开始运行房源信息采集程序 (v2)...
2025-07-29 03:12:35 - domain_crawler_v2 - INFO - 未找到或临时URL文件为空，将使用默认URL文件: C:\Users\nuoai\Desktop\crawler-UTS-UYSD-UNSW\dist\crawler\config\url.txt
2025-07-29 03:12:35 - domain_crawler_v2 - INFO - 已删除旧的进度文件: C:\Users\nuoai\Desktop\crawler-UTS-UYSD-UNSW\dist\crawler\progress.json (针对默认URL)。
2025-07-29 03:12:35 - domain_crawler_v2 - INFO - 找到1个URL待处理 (来源: url.txt): ['https://www.domain.com.au/rent/forest-lodge-nsw-2037/apartment/?price=300-2500&excludedeposittaken=1&ssubs=0&sort=price-asc']
2025-07-29 03:12:35 - domain_crawler_v2 - INFO - 开始处理 (1/1): https://www.domain.com.au/rent/forest-lodge-nsw-2037/apartment/?price=300-2500&excludedeposittaken=1&ssubs=0&sort=price-asc
2025-07-29 03:12:35 - domain_crawler_v2 - INFO - Processing as search URL (from url.txt): https://www.domain.com.au/rent/forest-lodge-nsw-2037/apartment/?price=300-2500&excludedeposittaken=1&ssubs=0&sort=price-asc
2025-07-29 03:12:35 - domain_crawler_v2 - INFO - 正在抓取第1页: https://www.domain.com.au/rent/forest-lodge-nsw-2037/apartment/?price=300-2500&excludedeposittaken=1&ssubs=0&sort=price-asc&page=1
2025-07-29 03:12:35 - domain_crawler_v2 - INFO - 第1页找到14个房源
2025-07-29 03:12:35 - domain_crawler_v2 - INFO - 处理第1/14个房源: https://www.domain.com.au/00-18-upper-road-forest-lodge-nsw-2037-17167796
2025-07-29 03:12:35 - domain_crawler_v2 - INFO - 正在抓取详情页: https://www.domain.com.au/00-18-upper-road-forest-lodge-nsw-2037-17167796
2025-07-29 03:12:36 - domain_crawler_v2 - DEBUG - Enquiry/Apply link/action for https://www.domain.com.au/00-18-upper-road-forest-lodge-nsw-2037-17167796 NOT found via any XPaths.
2025-07-29 03:12:36 - domain_crawler_v2 - DEBUG - 过期入住日期 2025-04-07 转换为 'Available Now'
2025-07-29 03:12:36 - domain_crawler_v2 - INFO - 成功提取房源信息: ID=17167796 for URL: https://www.domain.com.au/00-18-upper-road-forest-lodge-nsw-2037-17167796
2025-07-29 03:12:38 - domain_crawler_v2 - INFO - 处理第2/14个房源: https://www.domain.com.au/22-scotsman-street-forest-lodge-nsw-2037-14303614
2025-07-29 03:12:38 - domain_crawler_v2 - INFO - 正在抓取详情页: https://www.domain.com.au/22-scotsman-street-forest-lodge-nsw-2037-14303614
2025-07-29 03:12:38 - domain_crawler_v2 - DEBUG - Enquiry/Apply link/action for https://www.domain.com.au/22-scotsman-street-forest-lodge-nsw-2037-14303614 NOT found via any XPaths.
2025-07-29 03:12:38 - domain_crawler_v2 - DEBUG - 过期入住日期 2025-06-06 转换为 'Available Now'
2025-07-29 03:12:38 - domain_crawler_v2 - INFO - 成功提取房源信息: ID=14303614 for URL: https://www.domain.com.au/22-scotsman-street-forest-lodge-nsw-2037-14303614
2025-07-29 03:12:40 - domain_crawler_v2 - INFO - 处理第3/14个房源: https://www.domain.com.au/7-2a-short-st-forest-lodge-nsw-2037-9536947
2025-07-29 03:12:40 - domain_crawler_v2 - INFO - 正在抓取详情页: https://www.domain.com.au/7-2a-short-st-forest-lodge-nsw-2037-9536947
2025-07-29 03:12:40 - domain_crawler_v2 - DEBUG - Enquiry/Apply link/action FOUND for https://www.domain.com.au/7-2a-short-st-forest-lodge-nsw-2037-9536947: https://api.snug.com/v1/partner/handoff/team/1872/listing/9536947/apply?referrer_group=fff58e74-898d-42ba-866a-2fdd80c47972&referrer_id=ca860f04-4ee6-4136-b009-00e6910845e7&referrer_url=https%3A%2F%2Fwww.domain.com.au%2F7-2a-short-st-forest-lodge-nsw-2037-9536947&add_unitnum=7&add_streetnum=2A&add_streetname=Short&add_streettype=St.&add_suburb=Forest%20Lodge&add_state=nsw&add_postcode=2037
2025-07-29 03:12:40 - domain_crawler_v2 - DEBUG - 过期入住日期 2015-02-01 转换为 'Available Now'
2025-07-29 03:12:40 - domain_crawler_v2 - INFO - 成功提取房源信息: ID=9536947 for URL: https://www.domain.com.au/7-2a-short-st-forest-lodge-nsw-2037-9536947
2025-07-29 03:12:42 - domain_crawler_v2 - INFO - 处理第4/14个房源: https://www.domain.com.au/22-211-wigram-road-forest-lodge-nsw-2037-17678065
2025-07-29 03:12:42 - domain_crawler_v2 - INFO - 正在抓取详情页: https://www.domain.com.au/22-211-wigram-road-forest-lodge-nsw-2037-17678065
2025-07-29 03:12:42 - domain_crawler_v2 - DEBUG - Enquiry/Apply link/action FOUND for https://www.domain.com.au/22-211-wigram-road-forest-lodge-nsw-2037-17678065: https://api.snug.com/v1/partner/handoff/team/31389/listing/1P0696/apply?referrer_group=fff58e74-898d-42ba-866a-2fdd80c47972&referrer_id=ca860f04-4ee6-4136-b009-00e6910845e7&referrer_url=https%3A%2F%2Fwww.domain.com.au%2F22-211-wigram-road-forest-lodge-nsw-2037-17678065&add_unitnum=22&add_streetnum=211&add_streetname=Wigram&add_streettype=Road&add_suburb=Forest%20Lodge&add_state=nsw&add_postcode=2037
2025-07-29 03:12:42 - domain_crawler_v2 - INFO - 成功提取房源信息: ID=17678065 for URL: https://www.domain.com.au/22-211-wigram-road-forest-lodge-nsw-2037-17678065
2025-07-29 03:12:44 - domain_crawler_v2 - INFO - 处理第5/14个房源: https://www.domain.com.au/213-6-maxwell-road-forest-lodge-nsw-2037-17686794
2025-07-29 03:12:44 - domain_crawler_v2 - INFO - 正在抓取详情页: https://www.domain.com.au/213-6-maxwell-road-forest-lodge-nsw-2037-17686794
2025-07-29 03:12:44 - domain_crawler_v2 - DEBUG - Enquiry/Apply link/action for https://www.domain.com.au/213-6-maxwell-road-forest-lodge-nsw-2037-17686794 NOT found via any XPaths.
2025-07-29 03:12:44 - domain_crawler_v2 - INFO - 成功提取房源信息: ID=17686794 for URL: https://www.domain.com.au/213-6-maxwell-road-forest-lodge-nsw-2037-17686794
2025-07-29 03:12:46 - domain_crawler_v2 - INFO - 处理第6/14个房源: https://www.domain.com.au/1-cullen-close-forest-lodge-nsw-2037-17679327
2025-07-29 03:12:46 - domain_crawler_v2 - INFO - 正在抓取详情页: https://www.domain.com.au/1-cullen-close-forest-lodge-nsw-2037-17679327
2025-07-29 03:12:46 - domain_crawler_v2 - DEBUG - Enquiry/Apply link/action FOUND for https://www.domain.com.au/1-cullen-close-forest-lodge-nsw-2037-17679327: https://www.2apply.com.au/domain/10282/17679327?address=1%20Cullen%20Close%2C%20Forest%20Lodge&type=rental&times=%5B%5D
2025-07-29 03:12:46 - domain_crawler_v2 - INFO - 成功提取房源信息: ID=17679327 for URL: https://www.domain.com.au/1-cullen-close-forest-lodge-nsw-2037-17679327
2025-07-29 03:12:47 - domain_crawler_v2 - INFO - 处理第7/14个房源: https://www.domain.com.au/6801-162-ross-street-forest-lodge-nsw-2037-17668599
2025-07-29 03:12:47 - domain_crawler_v2 - INFO - 正在抓取详情页: https://www.domain.com.au/6801-162-ross-street-forest-lodge-nsw-2037-17668599
2025-07-29 03:12:48 - domain_crawler_v2 - DEBUG - Enquiry/Apply link/action FOUND for https://www.domain.com.au/6801-162-ross-street-forest-lodge-nsw-2037-17668599: https://api.snug.com/v1/partner/handoff/team/29293/listing/2724233/apply?referrer_group=fff58e74-898d-42ba-866a-2fdd80c47972&referrer_id=ca860f04-4ee6-4136-b009-00e6910845e7&referrer_url=https%3A%2F%2Fwww.domain.com.au%2F6801-162-ross-street-forest-lodge-nsw-2037-17668599&add_unitnum=6801&add_streetnum=162&add_streetname=Ross&add_streettype=Street&add_suburb=Forest%20Lodge&add_state=nsw&add_postcode=2037
2025-07-29 03:12:48 - domain_crawler_v2 - DEBUG - 过期入住日期 2025-07-23 转换为 'Available Now'
2025-07-29 03:12:48 - domain_crawler_v2 - INFO - 成功提取房源信息: ID=17668599 for URL: https://www.domain.com.au/6801-162-ross-street-forest-lodge-nsw-2037-17668599
2025-07-29 03:12:50 - domain_crawler_v2 - INFO - 处理第8/14个房源: https://www.domain.com.au/2-290-bridge-road-forest-lodge-nsw-2037-17686319
2025-07-29 03:12:50 - domain_crawler_v2 - INFO - 正在抓取详情页: https://www.domain.com.au/2-290-bridge-road-forest-lodge-nsw-2037-17686319
2025-07-29 03:12:50 - domain_crawler_v2 - DEBUG - Enquiry/Apply link/action for https://www.domain.com.au/2-290-bridge-road-forest-lodge-nsw-2037-17686319 NOT found via any XPaths.
2025-07-29 03:12:50 - domain_crawler_v2 - INFO - 成功提取房源信息: ID=17686319 for URL: https://www.domain.com.au/2-290-bridge-road-forest-lodge-nsw-2037-17686319
2025-07-29 03:12:52 - domain_crawler_v2 - INFO - 处理第9/14个房源: https://www.domain.com.au/level-2-1-scotsman-street-forest-lodge-nsw-2037-17052336
2025-07-29 03:12:52 - domain_crawler_v2 - INFO - 正在抓取详情页: https://www.domain.com.au/level-2-1-scotsman-street-forest-lodge-nsw-2037-17052336
2025-07-29 03:12:52 - domain_crawler_v2 - DEBUG - Enquiry/Apply link/action for https://www.domain.com.au/level-2-1-scotsman-street-forest-lodge-nsw-2037-17052336 NOT found via any XPaths.
2025-07-29 03:12:52 - domain_crawler_v2 - INFO - 成功提取房源信息: ID=17052336 for URL: https://www.domain.com.au/level-2-1-scotsman-street-forest-lodge-nsw-2037-17052336
2025-07-29 03:12:54 - domain_crawler_v2 - INFO - 处理第10/14个房源: https://www.domain.com.au/8-arundel-street-forest-lodge-nsw-2037-17263610
2025-07-29 03:12:54 - domain_crawler_v2 - INFO - 正在抓取详情页: https://www.domain.com.au/8-arundel-street-forest-lodge-nsw-2037-17263610
2025-07-29 03:12:55 - domain_crawler_v2 - DEBUG - Enquiry/Apply link/action FOUND for https://www.domain.com.au/8-arundel-street-forest-lodge-nsw-2037-17263610: https://api.snug.com/v1/partner/handoff/team/25134/listing/1P0894/apply?referrer_group=fff58e74-898d-42ba-866a-2fdd80c47972&referrer_id=ca860f04-4ee6-4136-b009-00e6910845e7&referrer_url=https%3A%2F%2Fwww.domain.com.au%2F8-arundel-street-forest-lodge-nsw-2037-17263610&add_streetnum=8&add_streetname=Arundel&add_streettype=Street&add_suburb=Forest%20Lodge&add_state=nsw&add_postcode=2037
2025-07-29 03:12:55 - domain_crawler_v2 - DEBUG - 过期入住日期 2024-10-22 转换为 'Available Now'
2025-07-29 03:12:55 - domain_crawler_v2 - INFO - 成功提取房源信息: ID=17263610 for URL: https://www.domain.com.au/8-arundel-street-forest-lodge-nsw-2037-17263610
2025-07-29 03:12:57 - domain_crawler_v2 - INFO - 处理第11/14个房源: https://www.domain.com.au/10-117-arundel-st-forest-lodge-nsw-2037-17466988
2025-07-29 03:12:57 - domain_crawler_v2 - INFO - 正在抓取详情页: https://www.domain.com.au/10-117-arundel-st-forest-lodge-nsw-2037-17466988
2025-07-29 03:12:57 - domain_crawler_v2 - DEBUG - Enquiry/Apply link/action for https://www.domain.com.au/10-117-arundel-st-forest-lodge-nsw-2037-17466988 NOT found via any XPaths.
2025-07-29 03:12:57 - domain_crawler_v2 - DEBUG - 过期入住日期 2025-05-06 转换为 'Available Now'
2025-07-29 03:12:57 - domain_crawler_v2 - INFO - 成功提取房源信息: ID=17466988 for URL: https://www.domain.com.au/10-117-arundel-st-forest-lodge-nsw-2037-17466988
2025-07-29 03:12:58 - domain_crawler_v2 - INFO - 处理第12/14个房源: https://www.domain.com.au/5-grattan-close-forest-lodge-nsw-2037-17678922
2025-07-29 03:12:58 - domain_crawler_v2 - INFO - 正在抓取详情页: https://www.domain.com.au/5-grattan-close-forest-lodge-nsw-2037-17678922
2025-07-29 03:12:58 - domain_crawler_v2 - DEBUG - Enquiry/Apply link/action for https://www.domain.com.au/5-grattan-close-forest-lodge-nsw-2037-17678922 NOT found via any XPaths.
2025-07-29 03:12:58 - domain_crawler_v2 - DEBUG - 过期入住日期 2025-07-21 转换为 'Available Now'
2025-07-29 03:12:58 - domain_crawler_v2 - INFO - 成功提取房源信息: ID=17678922 for URL: https://www.domain.com.au/5-grattan-close-forest-lodge-nsw-2037-17678922
2025-07-29 03:13:00 - domain_crawler_v2 - INFO - 处理第13/14个房源: https://www.domain.com.au/2-1-charles-street-forest-lodge-nsw-2037-17687635
2025-07-29 03:13:00 - domain_crawler_v2 - INFO - 正在抓取详情页: https://www.domain.com.au/2-1-charles-street-forest-lodge-nsw-2037-17687635
2025-07-29 03:13:01 - domain_crawler_v2 - DEBUG - Enquiry/Apply link/action for https://www.domain.com.au/2-1-charles-street-forest-lodge-nsw-2037-17687635 NOT found via any XPaths.
2025-07-29 03:13:01 - domain_crawler_v2 - INFO - 成功提取房源信息: ID=17687635 for URL: https://www.domain.com.au/2-1-charles-street-forest-lodge-nsw-2037-17687635
2025-07-29 03:13:03 - domain_crawler_v2 - INFO - 处理第14/14个房源: https://www.domain.com.au/117-arundel-st-forest-lodge-nsw-2037-16890815
2025-07-29 03:13:03 - domain_crawler_v2 - INFO - 正在抓取详情页: https://www.domain.com.au/117-arundel-st-forest-lodge-nsw-2037-16890815
2025-07-29 03:13:03 - domain_crawler_v2 - DEBUG - Enquiry/Apply link/action for https://www.domain.com.au/117-arundel-st-forest-lodge-nsw-2037-16890815 NOT found via any XPaths.
2025-07-29 03:13:03 - domain_crawler_v2 - DEBUG - 过期入住日期 2025-06-06 转换为 'Available Now'
2025-07-29 03:13:03 - domain_crawler_v2 - INFO - 成功提取房源信息: ID=16890815 for URL: https://www.domain.com.au/117-arundel-st-forest-lodge-nsw-2037-16890815
2025-07-29 03:13:04 - domain_crawler_v2 - INFO - 本页成功处理14/14个房源
2025-07-29 03:13:04 - domain_crawler_v2 - DEBUG - 保存进度到 progress.json: URL=https://www.domain.com.au/rent/forest-lodge-nsw-2037/apartment/?price=300-2500&excludedeposittaken=1&ssubs=0&sort=price-asc, 页码=2
2025-07-29 03:13:04 - domain_crawler_v2 - INFO - 完成第1页处理
2025-07-29 03:13:07 - domain_crawler_v2 - INFO - 正在抓取第2页: https://www.domain.com.au/rent/forest-lodge-nsw-2037/apartment/?price=300-2500&excludedeposittaken=1&ssubs=0&sort=price-asc&page=2
2025-07-29 03:13:07 - domain_crawler_v2 - WARNING - 在页面 https://www.domain.com.au/rent/forest-lodge-nsw-2037/apartment/?price=300-2500&excludedeposittaken=1&ssubs=0&sort=price-asc&page=2 上未找到房源链接，请检查XPath选择器。
2025-07-29 03:13:07 - domain_crawler_v2 - INFO - 第 2 页无房源链接或已达末页, 结束对 https://www.domain.com.au/rent/forest-lodge-nsw-2037/apartment/?price=300-2500&excludedeposittaken=1&ssubs=0&sort=price-asc 搜索.
2025-07-29 03:13:07 - domain_crawler_v2 - INFO - 搜索完成，总共处理了 14 个房源链接
2025-07-29 03:13:07 - domain_crawler_v2 - INFO - 完成处理URL: https://www.domain.com.au/rent/forest-lodge-nsw-2037/apartment/?price=300-2500&excludedeposittaken=1&ssubs=0&sort=price-asc，开始保存数据 (区域: Forest, 房源数: 14)
2025-07-29 03:13:07 - domain_crawler_v2 - INFO - 已成功保存 14 条记录到: C:\Users\nuoai\Desktop\crawler-UTS-UYSD-UNSW\dist\crawler\output\20250729_031307_Forest_14properties.xlsx (区域: Forest, 总房源数: 14)
2025-07-29 03:13:07 - domain_crawler_v2 - INFO - URL https://www.domain.com.au/rent/forest-lodge-nsw-2037/apartment/?price=300-2500&excludedeposittaken=1&ssubs=0&sort=price-asc 的数据已保存到: C:\Users\nuoai\Desktop\crawler-UTS-UYSD-UNSW\dist\crawler\output\20250729_031307_Forest_14properties.xlsx
2025-07-29 03:13:07 - domain_crawler_v2 - INFO - 所有URL处理完毕，共生成 1 个输出文件
2025-07-29 03:13:07 - domain_crawler_v2 - INFO - 生成的文件: C:\Users\nuoai\Desktop\crawler-UTS-UYSD-UNSW\dist\crawler\output\20250729_031307_Forest_14properties.xlsx
2025-07-29 03:13:07 - domain_crawler_v2 - INFO - 爬虫任务完成。
2025-07-29 03:13:07 - domain_crawler_v2 - INFO - 房源信息采集程序 (v2) 结束。
