2025-07-27 20:38:21 - domain_crawler_v2 - INFO - Loaded 38 positive, 191 negative, and 36 optional furniture keywords.
2025-07-27 20:38:21 - domain_crawler_v2 - INFO - Loaded 74 air conditioning keywords across 6 categories.
2025-07-27 20:38:21 - domain_crawler_v2 - INFO - 开始运行房源信息采集程序 (v2)...
2025-07-27 20:38:21 - domain_crawler_v2 - INFO - 未找到或临时URL文件为空，将使用默认URL文件: C:\Users\nuoai\Desktop\crawler-UTS-UYSD-UNSW\dist\config\url.txt
2025-07-27 20:38:21 - domain_crawler_v2 - INFO - 找到35个URL待处理 (来源: url.txt): ['https://www.domain.com.au/rent/zetland-nsw-2017/apartment/?price=300-2500&excludedeposittaken=1&ssubs=0&sort=price-asc', 'https://www.domain.com.au/rent/ultimo-nsw-2007/apartment/?price=300-2500&excludedeposittaken=1&ssubs=0&sort=price-asc', 'https://www.domain.com.au/rent/chippendale-nsw-2008/apartment/?price=300-2500&excludedeposittaken=1&ssubs=0&sort=price-asc', 'https://www.domain.com.au/rent/redfern-nsw-2016/apartment/?price=300-2500&excludedeposittaken=1&ssubs=0&sort=price-asc', 'https://www.domain.com.au/rent/waterloo-nsw-2017/apartment/?price=300-2500&excludedeposittaken=1&ssubs=0&sort=price-asc', 'https://www.domain.com.au/rent/mascot-nsw-2020/apartment/?price=300-2500&excludedeposittaken=1&ssubs=0&sort=price-asc', 'https://www.domain.com.au/rent/rosebery-nsw-2018/apartment/?price=300-2500&excludedeposittaken=1&ssubs=0&sort=price-asc', 'https://www.domain.com.au/rent/camperdown-nsw-2050/apartment/?price=300-2500&excludedeposittaken=1&ssubs=0&sort=price-asc', 'https://www.domain.com.au/rent/sydney-nsw-2000/apartment/?price=300-2500&excludedeposittaken=1&ssubs=0&sort=price-asc', 'https://www.domain.com.au/rent/haymarket-nsw-2000/apartment/?price=300-2500&excludedeposittaken=1&ssubs=0&sort=price-asc', 'https://www.domain.com.au/rent/glebe-nsw-2037/apartment/?price=300-2500&excludedeposittaken=1&ssubs=0&sort=price-asc', 'https://www.domain.com.au/rent/forest-lodge-nsw-2037/apartment/?price=300-2500&excludedeposittaken=1&ssubs=0&sort=price-asc', 'https://www.domain.com.au/rent/surry-hills-nsw-2010/apartment/?price=300-2500&excludedeposittaken=1&ssubs=0&sort=price-asc', 'https://www.domain.com.au/rent/newtown-nsw-2042/apartment/?price=300-2500&excludedeposittaken=1&ssubs=0&sort=price-asc', 'https://www.domain.com.au/rent/erskineville-nsw-2043/apartment/?price=300-2500&excludedeposittaken=1&ssubs=0&sort=price-asc', 'https://www.domain.com.au/rent/darlington-nsw-2008/apartment/?price=300-2500&excludedeposittaken=1&ssubs=0&sort=price-asc', 'https://www.domain.com.au/rent/kensington-nsw-2033/apartment/?price=300-2500&excludedeposittaken=1&ssubs=0&sort=price-asc', 'https://www.domain.com.au/rent/randwick-nsw-2031/apartment/?price=300-2500&excludedeposittaken=1&ssubs=0&sort=price-asc', 'https://www.domain.com.au/rent/kingsford-nsw-2032/apartment/?price=300-2500&excludedeposittaken=1&ssubs=0&sort=price-asc', 'https://www.domain.com.au/rent/eastlakes-nsw-2018/apartment/?price=300-2500&excludedeposittaken=1&ssubs=0&sort=price-asc', 'https://www.domain.com.au/rent/eastgardens-nsw-2036/apartment/?price=300-2500&excludedeposittaken=1&ssubs=0&sort=price-asc', 'https://www.domain.com.au/rent/maroubra-nsw-2035/apartment/?price=300-2500&excludedeposittaken=1&ssubs=0&sort=price-asc', 'https://www.domain.com.au/rent/alexandria-nsw-2015/apartment/?price=300-2500&excludedeposittaken=1&ssubs=0&sort=price-asc', 'https://www.domain.com.au/rent/beaconsfield-nsw-2015/apartment/?price=300-2500&excludedeposittaken=1&ssubs=0&sort=price-asc', 'https://www.domain.com.au/rent/centennial-park-nsw-2021/apartment/?price=300-2500&excludedeposittaken=1&ssubs=0&sort=price-asc', 'https://www.domain.com.au/rent/epping-nsw-2121/apartment/?price=300-2500&excludedeposittaken=1&ssubs=0&sort=price-asc', 'https://www.domain.com.au/rent/eastwood-nsw-2122/apartment/?price=300-2500&excludedeposittaken=1&ssubs=0&sort=price-asc', 'https://www.domain.com.au/rent/marsfield-nsw-2122/apartment/?price=300-2500&excludedeposittaken=1&ssubs=0&sort=price-asc', 'https://www.domain.com.au/rent/macquarie-park-nsw-2113/apartment/?price=300-2500&excludedeposittaken=1&ssubs=0&sort=price-asc', 'https://www.domain.com.au/rent/north-ryde-nsw-2113/apartment/?price=300-2500&excludedeposittaken=1&ssubs=0&sort=price-asc', 'https://www.domain.com.au/rent/campsie-nsw-2194/apartment/?price=300-2500&excludedeposittaken=1&ssubs=0&sort=price-asc', 'https://www.domain.com.au/rent/ashfield-nsw-2131/apartment/?price=300-2500&excludedeposittaken=1&ssubs=0&sort=price-asc', 'https://www.domain.com.au/rent/wolli-creek-nsw-2205/apartment/?price=300-2500&excludedeposittaken=1&ssubs=0&sort=price-asc', 'https://www.domain.com.au/rent/burwood-nsw-2134/apartment/?price=300-2500&excludedeposittaken=1&ssubs=0&sort=price-asc', 'https://www.domain.com.au/rent/hurstville-nsw-2220/apartment/?price=300-2500&excludedeposittaken=1&ssubs=0&sort=price-asc']
2025-07-27 20:38:21 - domain_crawler_v2 - INFO - 开始处理 (1/35): https://www.domain.com.au/rent/zetland-nsw-2017/apartment/?price=300-2500&excludedeposittaken=1&ssubs=0&sort=price-asc
2025-07-27 20:38:21 - domain_crawler_v2 - INFO - Processing as search URL (from url.txt): https://www.domain.com.au/rent/zetland-nsw-2017/apartment/?price=300-2500&excludedeposittaken=1&ssubs=0&sort=price-asc
2025-07-27 20:38:21 - domain_crawler_v2 - INFO - 正在抓取第1页: https://www.domain.com.au/rent/zetland-nsw-2017/apartment/?price=300-2500&excludedeposittaken=1&ssubs=0&sort=price-asc&page=1
2025-07-27 20:38:22 - domain_crawler_v2 - INFO - 第1页找到20个房源
2025-07-27 20:38:22 - domain_crawler_v2 - INFO - 处理第1/20个房源: https://www.domain.com.au/1-106-joynton-avenue-zetland-nsw-2017-17657624
2025-07-27 20:38:22 - domain_crawler_v2 - INFO - 正在抓取详情页: https://www.domain.com.au/1-106-joynton-avenue-zetland-nsw-2017-17657624
2025-07-27 20:38:22 - domain_crawler_v2 - DEBUG - Enquiry/Apply link/action FOUND for https://www.domain.com.au/1-106-joynton-avenue-zetland-nsw-2017-17657624: https://api.snug.com/v1/partner/handoff/team/5472/listing/1P7876/apply?referrer_group=fff58e74-898d-42ba-866a-2fdd80c47972&referrer_id=ca860f04-4ee6-4136-b009-00e6910845e7&referrer_url=https%3A%2F%2Fwww.domain.com.au%2F1-106-joynton-avenue-zetland-nsw-2017-17657624&add_unitnum=1&add_streetnum=106&add_streetname=Joynton&add_streettype=Avenue&add_suburb=Zetland&add_state=nsw&add_postcode=2017
2025-07-27 20:38:22 - domain_crawler_v2 - INFO - 成功提取房源信息: ID=17657624 for URL: https://www.domain.com.au/1-106-joynton-avenue-zetland-nsw-2017-17657624
2025-07-27 20:38:23 - domain_crawler_v2 - INFO - 处理第2/20个房源: https://www.domain.com.au/11201-8-kingsborough-way-zetland-nsw-2017-17536312
2025-07-27 20:38:23 - domain_crawler_v2 - INFO - 正在抓取详情页: https://www.domain.com.au/11201-8-kingsborough-way-zetland-nsw-2017-17536312
2025-07-27 20:38:24 - domain_crawler_v2 - DEBUG - Enquiry/Apply link/action FOUND for https://www.domain.com.au/11201-8-kingsborough-way-zetland-nsw-2017-17536312: https://api.snug.com/v1/partner/handoff/team/29293/listing/2664910/apply?referrer_group=fff58e74-898d-42ba-866a-2fdd80c47972&referrer_id=ca860f04-4ee6-4136-b009-00e6910845e7&referrer_url=https%3A%2F%2Fwww.domain.com.au%2F11201-8-kingsborough-way-zetland-nsw-2017-17536312&add_unitnum=11201&add_streetnum=8&add_streetname=Kingsborough&add_streettype=Way&add_suburb=Zetland&add_state=nsw&add_postcode=2017
2025-07-27 20:38:24 - domain_crawler_v2 - DEBUG - 过期入住日期 2025-04-25 转换为 'Available Now'
2025-07-27 20:38:24 - domain_crawler_v2 - INFO - 成功提取房源信息: ID=17536312 for URL: https://www.domain.com.au/11201-8-kingsborough-way-zetland-nsw-2017-17536312
2025-07-27 20:38:25 - domain_crawler_v2 - INFO - 处理第3/20个房源: https://www.domain.com.au/337-7-defries-avenue-zetland-nsw-2017-17673331
2025-07-27 20:38:25 - domain_crawler_v2 - INFO - 正在抓取详情页: https://www.domain.com.au/337-7-defries-avenue-zetland-nsw-2017-17673331
2025-07-27 20:38:25 - domain_crawler_v2 - DEBUG - Enquiry/Apply link/action FOUND for https://www.domain.com.au/337-7-defries-avenue-zetland-nsw-2017-17673331: https://www.2apply.com.au/domain/25406/17673331?address=337%2F7%20Defries%20Avenue%2C%20Zetland&type=rental&times=%5B%5D
2025-07-27 20:38:25 - domain_crawler_v2 - DEBUG - 过期入住日期 2025-07-22 转换为 'Available Now'
2025-07-27 20:38:25 - domain_crawler_v2 - INFO - 成功提取房源信息: ID=17673331 for URL: https://www.domain.com.au/337-7-defries-avenue-zetland-nsw-2017-17673331
2025-07-27 20:38:26 - domain_crawler_v2 - INFO - 处理第4/20个房源: https://www.domain.com.au/1c-14-defries-avenue-zetland-nsw-2017-17320083
2025-07-27 20:38:26 - domain_crawler_v2 - INFO - 正在抓取详情页: https://www.domain.com.au/1c-14-defries-avenue-zetland-nsw-2017-17320083
2025-07-27 20:38:27 - domain_crawler_v2 - DEBUG - Enquiry/Apply link/action FOUND for https://www.domain.com.au/1c-14-defries-avenue-zetland-nsw-2017-17320083: https://www.2apply.com.au/domain/35110/17320083?address=1C%2F14%20Defries%20Avenue%2C%20Zetland&type=rental&times=%5B%5D
2025-07-27 20:38:27 - domain_crawler_v2 - INFO - 成功提取房源信息: ID=17320083 for URL: https://www.domain.com.au/1c-14-defries-avenue-zetland-nsw-2017-17320083
2025-07-27 20:38:28 - domain_crawler_v2 - INFO - 处理第5/20个房源: https://www.domain.com.au/409-16-rose-valley-way-zetland-nsw-2017-17661515
2025-07-27 20:38:28 - domain_crawler_v2 - INFO - 正在抓取详情页: https://www.domain.com.au/409-16-rose-valley-way-zetland-nsw-2017-17661515
2025-07-27 20:38:28 - domain_crawler_v2 - DEBUG - Enquiry/Apply link/action FOUND for https://www.domain.com.au/409-16-rose-valley-way-zetland-nsw-2017-17661515: https://api.snug.com/v1/partner/handoff/team/29293/listing/2722361/apply?referrer_group=fff58e74-898d-42ba-866a-2fdd80c47972&referrer_id=ca860f04-4ee6-4136-b009-00e6910845e7&referrer_url=https%3A%2F%2Fwww.domain.com.au%2F409-16-rose-valley-way-zetland-nsw-2017-17661515&add_unitnum=409&add_streetnum=16&add_streetname=Rose%20Valley&add_streettype=Way&add_suburb=Zetland&add_state=nsw&add_postcode=2017
2025-07-27 20:38:28 - domain_crawler_v2 - DEBUG - 过期入住日期 2025-07-09 转换为 'Available Now'
2025-07-27 20:38:28 - domain_crawler_v2 - INFO - 成功提取房源信息: ID=17661515 for URL: https://www.domain.com.au/409-16-rose-valley-way-zetland-nsw-2017-17661515
2025-07-27 20:38:29 - domain_crawler_v2 - INFO - 处理第6/20个房源: https://www.domain.com.au/7-11-grandstand-parade-zetland-nsw-2017-16691487
2025-07-27 20:38:29 - domain_crawler_v2 - INFO - 正在抓取详情页: https://www.domain.com.au/7-11-grandstand-parade-zetland-nsw-2017-16691487
2025-07-27 20:38:30 - domain_crawler_v2 - DEBUG - Enquiry/Apply link/action for https://www.domain.com.au/7-11-grandstand-parade-zetland-nsw-2017-16691487 NOT found via any XPaths.
2025-07-27 20:38:30 - domain_crawler_v2 - DEBUG - 过期入住日期 2025-07-24 转换为 'Available Now'
2025-07-27 20:38:30 - domain_crawler_v2 - INFO - 成功提取房源信息: ID=16691487 for URL: https://www.domain.com.au/7-11-grandstand-parade-zetland-nsw-2017-16691487
2025-07-27 20:38:31 - domain_crawler_v2 - INFO - 处理第7/20个房源: https://www.domain.com.au/846-10-victoria-park-parade-zetland-nsw-2017-17634449
2025-07-27 20:38:31 - domain_crawler_v2 - INFO - 正在抓取详情页: https://www.domain.com.au/846-10-victoria-park-parade-zetland-nsw-2017-17634449
2025-07-27 20:38:31 - domain_crawler_v2 - DEBUG - Enquiry/Apply link/action for https://www.domain.com.au/846-10-victoria-park-parade-zetland-nsw-2017-17634449 NOT found via any XPaths.
2025-07-27 20:38:31 - domain_crawler_v2 - DEBUG - 过期入住日期 2025-07-18 转换为 'Available Now'
2025-07-27 20:38:31 - domain_crawler_v2 - INFO - 成功提取房源信息: ID=17634449 for URL: https://www.domain.com.au/846-10-victoria-park-parade-zetland-nsw-2017-17634449
2025-07-27 20:38:32 - domain_crawler_v2 - INFO - 处理第8/20个房源: https://www.domain.com.au/b202-1-5-link-rd-zetland-nsw-2017-15288064
2025-07-27 20:38:32 - domain_crawler_v2 - INFO - 正在抓取详情页: https://www.domain.com.au/b202-1-5-link-rd-zetland-nsw-2017-15288064
2025-07-27 20:38:32 - domain_crawler_v2 - DEBUG - Enquiry/Apply link/action for https://www.domain.com.au/b202-1-5-link-rd-zetland-nsw-2017-15288064 NOT found via any XPaths.
2025-07-27 20:38:32 - domain_crawler_v2 - DEBUG - 过期入住日期 2024-12-19 转换为 'Available Now'
2025-07-27 20:38:32 - domain_crawler_v2 - INFO - 成功提取房源信息: ID=15288064 for URL: https://www.domain.com.au/b202-1-5-link-rd-zetland-nsw-2017-15288064
2025-07-27 20:38:34 - domain_crawler_v2 - INFO - 处理第9/20个房源: https://www.domain.com.au/1-10-16-epsom-road-zetland-nsw-2017-17639685
2025-07-27 20:38:34 - domain_crawler_v2 - INFO - 正在抓取详情页: https://www.domain.com.au/1-10-16-epsom-road-zetland-nsw-2017-17639685
2025-07-27 20:38:34 - domain_crawler_v2 - DEBUG - Enquiry/Apply link/action for https://www.domain.com.au/1-10-16-epsom-road-zetland-nsw-2017-17639685 NOT found via any XPaths.
2025-07-27 20:38:34 - domain_crawler_v2 - INFO - 成功提取房源信息: ID=17639685 for URL: https://www.domain.com.au/1-10-16-epsom-road-zetland-nsw-2017-17639685
2025-07-27 20:38:35 - domain_crawler_v2 - INFO - 处理第10/20个房源: https://www.domain.com.au/703-1-link-road-zetland-nsw-2017-17655812
2025-07-27 20:38:35 - domain_crawler_v2 - INFO - 正在抓取详情页: https://www.domain.com.au/703-1-link-road-zetland-nsw-2017-17655812
2025-07-27 20:38:36 - domain_crawler_v2 - DEBUG - Enquiry/Apply link/action for https://www.domain.com.au/703-1-link-road-zetland-nsw-2017-17655812 NOT found via any XPaths.
2025-07-27 20:38:36 - domain_crawler_v2 - DEBUG - 过期入住日期 2025-07-07 转换为 'Available Now'
2025-07-27 20:38:36 - domain_crawler_v2 - INFO - 成功提取房源信息: ID=17655812 for URL: https://www.domain.com.au/703-1-link-road-zetland-nsw-2017-17655812
2025-07-27 20:38:37 - domain_crawler_v2 - INFO - 处理第11/20个房源: https://www.domain.com.au/2-3-victoria-park-parade-zetland-nsw-2017-17614273
2025-07-27 20:38:37 - domain_crawler_v2 - INFO - 正在抓取详情页: https://www.domain.com.au/2-3-victoria-park-parade-zetland-nsw-2017-17614273
2025-07-27 20:38:37 - domain_crawler_v2 - DEBUG - Enquiry/Apply link/action for https://www.domain.com.au/2-3-victoria-park-parade-zetland-nsw-2017-17614273 NOT found via any XPaths.
2025-07-27 20:38:37 - domain_crawler_v2 - DEBUG - 过期入住日期 2025-07-04 转换为 'Available Now'
2025-07-27 20:38:37 - domain_crawler_v2 - INFO - 成功提取房源信息: ID=17614273 for URL: https://www.domain.com.au/2-3-victoria-park-parade-zetland-nsw-2017-17614273
2025-07-27 20:38:39 - domain_crawler_v2 - INFO - 处理第12/20个房源: https://www.domain.com.au/1b-3-naulty-place-zetland-nsw-2017-9431523
2025-07-27 20:38:39 - domain_crawler_v2 - INFO - 正在抓取详情页: https://www.domain.com.au/1b-3-naulty-place-zetland-nsw-2017-9431523
2025-07-27 20:38:39 - domain_crawler_v2 - DEBUG - Enquiry/Apply link/action FOUND for https://www.domain.com.au/1b-3-naulty-place-zetland-nsw-2017-9431523: https://www.2apply.com.au/domain/35110/9431523?address=1B%2F3%20Naulty%20Place%2C%20Zetland&type=rental&times=%5B%5D
2025-07-27 20:38:39 - domain_crawler_v2 - DEBUG - 过期入住日期 2025-07-25 转换为 'Available Now'
2025-07-27 20:38:39 - domain_crawler_v2 - INFO - 成功提取房源信息: ID=9431523 for URL: https://www.domain.com.au/1b-3-naulty-place-zetland-nsw-2017-9431523
2025-07-27 20:38:40 - domain_crawler_v2 - INFO - 处理第13/20个房源: https://www.domain.com.au/109-13-joynton-avenue-zetland-nsw-2017-17673691
2025-07-27 20:38:40 - domain_crawler_v2 - INFO - 正在抓取详情页: https://www.domain.com.au/109-13-joynton-avenue-zetland-nsw-2017-17673691
2025-07-27 20:38:41 - domain_crawler_v2 - DEBUG - Enquiry/Apply link/action FOUND for https://www.domain.com.au/109-13-joynton-avenue-zetland-nsw-2017-17673691: https://api.snug.com/v1/partner/handoff/team/20407/listing/1P3446/apply?referrer_group=fff58e74-898d-42ba-866a-2fdd80c47972&referrer_id=ca860f04-4ee6-4136-b009-00e6910845e7&referrer_url=https%3A%2F%2Fwww.domain.com.au%2F109-13-joynton-avenue-zetland-nsw-2017-17673691&add_unitnum=109&add_streetnum=13&add_streetname=Joynton&add_streettype=Avenue&add_suburb=Zetland&add_state=nsw&add_postcode=2017
2025-07-27 20:38:41 - domain_crawler_v2 - DEBUG - 过期入住日期 2025-07-25 转换为 'Available Now'
2025-07-27 20:38:41 - domain_crawler_v2 - INFO - 成功提取房源信息: ID=17673691 for URL: https://www.domain.com.au/109-13-joynton-avenue-zetland-nsw-2017-17673691
2025-07-27 20:38:42 - domain_crawler_v2 - INFO - 处理第14/20个房源: https://www.domain.com.au/511-2-defries-avenue-zetland-nsw-2017-17678007
2025-07-27 20:38:42 - domain_crawler_v2 - INFO - 正在抓取详情页: https://www.domain.com.au/511-2-defries-avenue-zetland-nsw-2017-17678007
2025-07-27 20:38:43 - domain_crawler_v2 - DEBUG - Enquiry/Apply link/action FOUND for https://www.domain.com.au/511-2-defries-avenue-zetland-nsw-2017-17678007: https://api.snug.com/v1/partner/handoff/team/31666/listing/1P1261/apply?referrer_group=fff58e74-898d-42ba-866a-2fdd80c47972&referrer_id=ca860f04-4ee6-4136-b009-00e6910845e7&referrer_url=https%3A%2F%2Fwww.domain.com.au%2F511-2-defries-avenue-zetland-nsw-2017-17678007&add_unitnum=511&add_streetnum=2&add_streetname=Defries&add_streettype=Avenue&add_suburb=Zetland&add_state=nsw&add_postcode=2017
2025-07-27 20:38:43 - domain_crawler_v2 - INFO - 成功提取房源信息: ID=17678007 for URL: https://www.domain.com.au/511-2-defries-avenue-zetland-nsw-2017-17678007
2025-07-27 20:38:44 - domain_crawler_v2 - INFO - 处理第15/20个房源: https://www.domain.com.au/538-9-victoria-park-parade-zetland-nsw-2017-17676252
2025-07-27 20:38:44 - domain_crawler_v2 - INFO - 正在抓取详情页: https://www.domain.com.au/538-9-victoria-park-parade-zetland-nsw-2017-17676252
2025-07-27 20:38:44 - domain_crawler_v2 - DEBUG - Enquiry/Apply link/action for https://www.domain.com.au/538-9-victoria-park-parade-zetland-nsw-2017-17676252 NOT found via any XPaths.
2025-07-27 20:38:44 - domain_crawler_v2 - INFO - 成功提取房源信息: ID=17676252 for URL: https://www.domain.com.au/538-9-victoria-park-parade-zetland-nsw-2017-17676252
2025-07-27 20:38:47 - domain_crawler_v2 - INFO - 处理第16/20个房源: https://www.domain.com.au/197-12-peters-street-zetland-nsw-2017-17647121
2025-07-27 20:38:47 - domain_crawler_v2 - INFO - 正在抓取详情页: https://www.domain.com.au/197-12-peters-street-zetland-nsw-2017-17647121
2025-07-27 20:38:47 - domain_crawler_v2 - DEBUG - Enquiry/Apply link/action for https://www.domain.com.au/197-12-peters-street-zetland-nsw-2017-17647121 NOT found via any XPaths.
2025-07-27 20:38:47 - domain_crawler_v2 - INFO - 成功提取房源信息: ID=17647121 for URL: https://www.domain.com.au/197-12-peters-street-zetland-nsw-2017-17647121
2025-07-27 20:38:47 - domain_crawler_v2 - INFO - 房源信息采集程序 (v2) 结束。
